This file contains any messages produced by compilers while
running configure, to aid debugging if configure makes a mistake.

It was created by configure, which was
generated by GNU Autoconf 2.59.  Invocation command line was

  $ ./configure --prefix=/opt/dictconv

## --------- ##
## Platform. ##
## --------- ##

hostname = lovelace
uname -m = x86_64
uname -r = 6.4.15-gentoo-dist
uname -s = Linux
uname -v = #1 SMP PREEMPT_DYNAMIC Thu Sep  7 11:33:18 -00 2023

/usr/bin/uname -p = 11th Gen Intel(R) Core(TM) i7-1165G7 @ 2.80GHz
/bin/uname -X     = unknown

/bin/arch              = unknown
/usr/bin/arch -k       = unknown
/usr/convex/getsysinfo = unknown
hostinfo               = unknown
/bin/machine           = unknown
/usr/bin/oslevel       = unknown
/bin/universe          = unknown

PATH: /u/inky/cm3/bin
PATH: /u/inky/bin
PATH: /opt/voc/bin
PATH: /u/inky/local/bin
PATH: /u/inky/cm3/bin
PATH: /u/inky/bin
PATH: /opt/voc/bin
PATH: /u/inky/local/bin
PATH: /u/inky/cm3/bin
PATH: /u/inky/bin
PATH: /opt/voc/bin
PATH: /u/inky/local/bin
PATH: /usr/local/sbin
PATH: /usr/local/bin
PATH: /usr/sbin
PATH: /usr/bin
PATH: /sbin
PATH: /bin
PATH: /opt/bin
PATH: /usr/lib/llvm/17/bin
PATH: /usr/lib/llvm/16/bin
PATH: /usr/lib/llvm/15/bin
PATH: /usr/lib/llvm/14/bin
PATH: /opt/plan9/bin
PATH: /opt/oo2c/bin
PATH: /u/inky/go/bin
PATH: /opt/oo2c/bin
PATH: /u/inky/go/bin
PATH: /opt/oo2c/bin
PATH: /u/inky/go/bin


## ----------- ##
## Core tests. ##
## ----------- ##

configure:1546: checking for a BSD-compatible install
configure:1601: result: /usr/bin/install -c
configure:1612: checking whether build environment is sane
configure:1655: result: yes
configure:1688: checking for gawk
configure:1704: found /usr/bin/gawk
configure:1714: result: gawk
configure:1724: checking whether make sets $(MAKE)
configure:1744: result: yes
configure:1948: checking for g++
configure:1964: found /usr/bin/g++
configure:1974: result: g++
configure:1990: checking for C++ compiler version
configure:1993: g++ --version </dev/null >&5
g++ (Gentoo 13.2.1_p20230826 p7) 13.2.1 20230826
Copyright (C) 2023 Free Software Foundation, Inc.
This is free software; see the source for copying conditions.  There is NO
warranty; not even for MERCHANTABILITY or FITNESS FOR A PARTICULAR PURPOSE.

configure:1996: $? = 0
configure:1998: g++ -v </dev/null >&5
Using built-in specs.
COLLECT_GCC=g++
COLLECT_LTO_WRAPPER=/usr/libexec/gcc/x86_64-pc-linux-gnu/13/lto-wrapper
Target: x86_64-pc-linux-gnu
Configured with: /var/tmp/portage/sys-devel/gcc-13.2.1_p20230826/work/gcc-13-20230826/configure --host=x86_64-pc-linux-gnu --build=x86_64-pc-linux-gnu --prefix=/usr --bindir=/usr/x86_64-pc-linux-gnu/gcc-bin/13 --includedir=/usr/lib/gcc/x86_64-pc-linux-gnu/13/include --datadir=/usr/share/gcc-data/x86_64-pc-linux-gnu/13 --mandir=/usr/share/gcc-data/x86_64-pc-linux-gnu/13/man --infodir=/usr/share/gcc-data/x86_64-pc-linux-gnu/13/info --with-gxx-include-dir=/usr/lib/gcc/x86_64-pc-linux-gnu/13/include/g++-v13 --disable-silent-rules --disable-dependency-tracking --with-python-dir=/share/gcc-data/x86_64-pc-linux-gnu/13/python --enable-languages=c,c++,objc,fortran,m2 --enable-obsolete --enable-secureplt --disable-werror --with-system-zlib --enable-nls --without-included-gettext --disable-libunwind-exceptions --enable-checking=release --with-bugurl=https://bugs.gentoo.org/ --with-pkgversion='Gentoo 13.2.1_p20230826 p7' --with-gcc-major-version-only --enable-libstdcxx-time --enable-lto --disable-libstdcxx-pch --enable-shared --enable-threads=posix --enable-__cxa_atexit --enable-clocale=gnu --enable-multilib --with-multilib-list=m32,m64 --disable-fixed-point --enable-targets=all --enable-libgomp --disable-libssp --disable-libada --disable-cet --disable-systemtap --disable-valgrind-annotations --disable-vtable-verify --disable-libvtv --without-zstd --without-isl --enable-default-pie --enable-default-ssp
Thread model: posix
Supported LTO compression algorithms: zlib
gcc version 13.2.1 20230826 (Gentoo 13.2.1_p20230826 p7) 
configure:2001: $? = 0
configure:2003: g++ -V </dev/null >&5
g++: error: unrecognized command-line option '-V'
g++: fatal error: no input files
compilation terminated.
configure:2006: $? = 1
configure:2029: checking for C++ compiler default output file name
configure:2032: g++    conftest.cc  >&5
configure:2035: $? = 0
configure:2081: result: a.out
configure:2086: checking whether the C++ compiler works
configure:2092: ./a.out
configure:2095: $? = 0
configure:2112: result: yes
configure:2119: checking whether we are cross compiling
configure:2121: result: no
configure:2124: checking for suffix of executables
configure:2126: g++ -o conftest    conftest.cc  >&5
configure:2129: $? = 0
configure:2154: result: 
configure:2160: checking for suffix of object files
configure:2181: g++ -c   conftest.cc >&5
configure:2184: $? = 0
configure:2206: result: o
configure:2210: checking whether we are using the GNU C++ compiler
configure:2234: g++ -c   conftest.cc >&5
configure:2240: $? = 0
configure:2244: test -z 
			 || test ! -s conftest.err
configure:2247: $? = 0
configure:2250: test -s conftest.o
configure:2253: $? = 0
configure:2266: result: yes
configure:2272: checking whether g++ accepts -g
configure:2293: g++ -c -g  conftest.cc >&5
configure:2299: $? = 0
configure:2303: test -z 
			 || test ! -s conftest.err
configure:2306: $? = 0
configure:2309: test -s conftest.o
configure:2312: $? = 0
configure:2323: result: yes
configure:2365: g++ -c -g -O2  conftest.cc >&5
configure:2371: $? = 0
configure:2375: test -z 
			 || test ! -s conftest.err
configure:2378: $? = 0
configure:2381: test -s conftest.o
configure:2384: $? = 0
configure:2410: g++ -c -g -O2  conftest.cc >&5
conftest.cc: In function 'int main()':
conftest.cc:15:1: error: 'exit' was not declared in this scope
   15 | exit (42);
      | ^~~~
conftest.cc:1:1: note: 'exit' is defined in header '<cstdlib>'; did you forget to '#include <cstdlib>'?
    1 | /* confdefs.h.  */
configure:2416: $? = 1
configure: failed program was:
| /* confdefs.h.  */
| 
| #define PACKAGE_NAME ""
| #define PACKAGE_TARNAME ""
| #define PACKAGE_VERSION ""
| #define PACKAGE_STRING ""
| #define PACKAGE_BUGREPORT ""
| #define PACKAGE "dictconv"
| #define VERSION "0.1"
| /* end confdefs.h.  */
| 
| int
| main ()
| {
| exit (42);
|   ;
|   return 0;
| }
configure:2365: g++ -c -g -O2  conftest.cc >&5
conftest.cc:11:17: warning: 'void std::exit(int)' has not been declared within 'std'
   11 | extern "C" void std::exit (int) throw (); using std::exit;
      |                 ^~~
<built-in>: note: only here as a 'friend'
configure:2371: $? = 0
configure:2375: test -z 
			 || test ! -s conftest.err
configure:2378: $? = 0
configure:2381: test -s conftest.o
configure:2384: $? = 0
configure:2410: g++ -c -g -O2  conftest.cc >&5
conftest.cc:11:17: warning: 'void std::exit(int)' has not been declared within 'std'
   11 | extern "C" void std::exit (int) throw (); using std::exit;
      |                 ^~~
<built-in>: note: only here as a 'friend'
configure:2416: $? = 0
configure:2420: test -z 
			 || test ! -s conftest.err
configure:2423: $? = 0
configure:2426: test -s conftest.o
configure:2429: $? = 0
configure:2471: checking for style of include used by make
configure:2499: result: GNU
configure:2527: checking dependency style of g++
configure:2589: result: gcc3
configure:2672: checking build system type
configure:2690: result: x86_64-unknown-linux-gnu
configure:2698: checking host system type
configure:2712: result: x86_64-unknown-linux-gnu
configure:2766: checking for gcc
configure:2782: found /usr/bin/gcc
configure:2792: result: gcc
configure:3036: checking for C compiler version
configure:3039: gcc --version </dev/null >&5
gcc (Gentoo 13.2.1_p20230826 p7) 13.2.1 20230826
Copyright (C) 2023 Free Software Foundation, Inc.
This is free software; see the source for copying conditions.  There is NO
warranty; not even for MERCHANTABILITY or FITNESS FOR A PARTICULAR PURPOSE.

configure:3042: $? = 0
configure:3044: gcc -v </dev/null >&5
Using built-in specs.
COLLECT_GCC=gcc
COLLECT_LTO_WRAPPER=/usr/libexec/gcc/x86_64-pc-linux-gnu/13/lto-wrapper
Target: x86_64-pc-linux-gnu
Configured with: /var/tmp/portage/sys-devel/gcc-13.2.1_p20230826/work/gcc-13-20230826/configure --host=x86_64-pc-linux-gnu --build=x86_64-pc-linux-gnu --prefix=/usr --bindir=/usr/x86_64-pc-linux-gnu/gcc-bin/13 --includedir=/usr/lib/gcc/x86_64-pc-linux-gnu/13/include --datadir=/usr/share/gcc-data/x86_64-pc-linux-gnu/13 --mandir=/usr/share/gcc-data/x86_64-pc-linux-gnu/13/man --infodir=/usr/share/gcc-data/x86_64-pc-linux-gnu/13/info --with-gxx-include-dir=/usr/lib/gcc/x86_64-pc-linux-gnu/13/include/g++-v13 --disable-silent-rules --disable-dependency-tracking --with-python-dir=/share/gcc-data/x86_64-pc-linux-gnu/13/python --enable-languages=c,c++,objc,fortran,m2 --enable-obsolete --enable-secureplt --disable-werror --with-system-zlib --enable-nls --without-included-gettext --disable-libunwind-exceptions --enable-checking=release --with-bugurl=https://bugs.gentoo.org/ --with-pkgversion='Gentoo 13.2.1_p20230826 p7' --with-gcc-major-version-only --enable-libstdcxx-time --enable-lto --disable-libstdcxx-pch --enable-shared --enable-threads=posix --enable-__cxa_atexit --enable-clocale=gnu --enable-multilib --with-multilib-list=m32,m64 --disable-fixed-point --enable-targets=all --enable-libgomp --disable-libssp --disable-libada --disable-cet --disable-systemtap --disable-valgrind-annotations --disable-vtable-verify --disable-libvtv --without-zstd --without-isl --enable-default-pie --enable-default-ssp
Thread model: posix
Supported LTO compression algorithms: zlib
gcc version 13.2.1 20230826 (Gentoo 13.2.1_p20230826 p7) 
configure:3047: $? = 0
configure:3049: gcc -V </dev/null >&5
gcc: error: unrecognized command-line option '-V'
gcc: fatal error: no input files
compilation terminated.
configure:3052: $? = 1
configure:3055: checking whether we are using the GNU C compiler
configure:3079: gcc -c   conftest.c >&5
configure:3085: $? = 0
configure:3089: test -z 
			 || test ! -s conftest.err
configure:3092: $? = 0
configure:3095: test -s conftest.o
configure:3098: $? = 0
configure:3111: result: yes
configure:3117: checking whether gcc accepts -g
configure:3138: gcc -c -g  conftest.c >&5
configure:3144: $? = 0
configure:3148: test -z 
			 || test ! -s conftest.err
configure:3151: $? = 0
configure:3154: test -s conftest.o
configure:3157: $? = 0
configure:3168: result: yes
configure:3185: checking for gcc option to accept ANSI C
configure:3255: gcc  -c -g -O2  conftest.c >&5
configure:3261: $? = 0
configure:3265: test -z 
			 || test ! -s conftest.err
configure:3268: $? = 0
configure:3271: test -s conftest.o
configure:3274: $? = 0
configure:3292: result: none needed
configure:3310: gcc -c -g -O2  conftest.c >&5
conftest.c:2:3: error: unknown type name 'choke'
    2 |   choke me
      |   ^~~~~
conftest.c:2:3: error: expected '=', ',', ';', 'asm' or '__attribute__' at end of input
configure:3316: $? = 1
configure: failed program was:
| #ifndef __cplusplus
|   choke me
| #endif
configure:3451: checking dependency style of gcc
configure:3513: result: gcc3
configure:3518: checking for a sed that does not truncate output
configure:3572: result: /bin/sed
configure:3575: checking for egrep
configure:3585: result: grep -E
configure:3601: checking for ld used by gcc
configure:3668: result: /usr/x86_64-pc-linux-gnu/bin/ld
configure:3677: checking if the linker (/usr/x86_64-pc-linux-gnu/bin/ld) is GNU ld
configure:3692: result: yes
configure:3697: checking for /usr/x86_64-pc-linux-gnu/bin/ld option to reload object files
configure:3704: result: -r
configure:3722: checking for BSD-compatible nm
configure:3771: result: /usr/bin/nm -B
configure:3775: checking whether ln -s works
configure:3779: result: yes
configure:3786: checking how to recognise dependent libraries
configure:3962: result: pass_all
configure:4050: g++ -c -g -O2  conftest.cc >&5
configure:4053: $? = 0
configure:4199: checking how to run the C preprocessor
configure:4234: gcc -E  conftest.c
configure:4240: $? = 0
configure:4272: gcc -E  conftest.c
conftest.c:14:10: fatal error: ac_nonexistent.h: No such file or directory
   14 | #include <ac_nonexistent.h>
      |          ^~~~~~~~~~~~~~~~~~
compilation terminated.
configure:4278: $? = 1
configure: failed program was:
| /* confdefs.h.  */
| 
| #define PACKAGE_NAME ""
| #define PACKAGE_TARNAME ""
| #define PACKAGE_VERSION ""
| #define PACKAGE_STRING ""
| #define PACKAGE_BUGREPORT ""
| #define PACKAGE "dictconv"
| #define VERSION "0.1"
| #ifdef __cplusplus
| extern "C" void std::exit (int) throw (); using std::exit;
| #endif
| /* end confdefs.h.  */
| #include <ac_nonexistent.h>
configure:4317: result: gcc -E
configure:4341: gcc -E  conftest.c
configure:4347: $? = 0
configure:4379: gcc -E  conftest.c
conftest.c:14:10: fatal error: ac_nonexistent.h: No such file or directory
   14 | #include <ac_nonexistent.h>
      |          ^~~~~~~~~~~~~~~~~~
compilation terminated.
configure:4385: $? = 1
configure: failed program was:
| /* confdefs.h.  */
| 
| #define PACKAGE_NAME ""
| #define PACKAGE_TARNAME ""
| #define PACKAGE_VERSION ""
| #define PACKAGE_STRING ""
| #define PACKAGE_BUGREPORT ""
| #define PACKAGE "dictconv"
| #define VERSION "0.1"
| #ifdef __cplusplus
| extern "C" void std::exit (int) throw (); using std::exit;
| #endif
| /* end confdefs.h.  */
| #include <ac_nonexistent.h>
configure:4429: checking for ANSI C header files
configure:4454: gcc -c -g -O2  conftest.c >&5
configure:4460: $? = 0
configure:4464: test -z 
			 || test ! -s conftest.err
configure:4467: $? = 0
configure:4470: test -s conftest.o
configure:4473: $? = 0
configure:4562: gcc -o conftest -g -O2   conftest.c  >&5
conftest.c: In function 'main':
conftest.c:31:7: warning: implicit declaration of function 'exit' [-Wimplicit-function-declaration]
   31 |       exit(2);
      |       ^~~~
conftest.c:15:1: note: include '<stdlib.h>' or provide a declaration of 'exit'
   14 | #include <ctype.h>
  +++ |+#include <stdlib.h>
   15 | #if ((' ' & 0x0FF) == 0x020)
conftest.c:31:7: warning: incompatible implicit declaration of built-in function 'exit' [-Wbuiltin-declaration-mismatch]
   31 |       exit(2);
      |       ^~~~
conftest.c:31:7: note: include '<stdlib.h>' or provide a declaration of 'exit'
conftest.c:32:3: warning: incompatible implicit declaration of built-in function 'exit' [-Wbuiltin-declaration-mismatch]
   32 |   exit (0);
      |   ^~~~
conftest.c:32:3: note: include '<stdlib.h>' or provide a declaration of 'exit'
configure:4565: $? = 0
configure:4567: ./conftest
configure:4570: $? = 0
configure:4585: result: yes
configure:4609: checking for sys/types.h
configure:4625: gcc -c -g -O2  conftest.c >&5
configure:4631: $? = 0
configure:4635: test -z 
			 || test ! -s conftest.err
configure:4638: $? = 0
configure:4641: test -s conftest.o
configure:4644: $? = 0
configure:4655: result: yes
configure:4609: checking for sys/stat.h
configure:4625: gcc -c -g -O2  conftest.c >&5
configure:4631: $? = 0
configure:4635: test -z 
			 || test ! -s conftest.err
configure:4638: $? = 0
configure:4641: test -s conftest.o
configure:4644: $? = 0
configure:4655: result: yes
configure:4609: checking for stdlib.h
configure:4625: gcc -c -g -O2  conftest.c >&5
configure:4631: $? = 0
configure:4635: test -z 
			 || test ! -s conftest.err
configure:4638: $? = 0
configure:4641: test -s conftest.o
configure:4644: $? = 0
configure:4655: result: yes
configure:4609: checking for string.h
configure:4625: gcc -c -g -O2  conftest.c >&5
configure:4631: $? = 0
configure:4635: test -z 
			 || test ! -s conftest.err
configure:4638: $? = 0
configure:4641: test -s conftest.o
configure:4644: $? = 0
configure:4655: result: yes
configure:4609: checking for memory.h
configure:4625: gcc -c -g -O2  conftest.c >&5
configure:4631: $? = 0
configure:4635: test -z 
			 || test ! -s conftest.err
configure:4638: $? = 0
configure:4641: test -s conftest.o
configure:4644: $? = 0
configure:4655: result: yes
configure:4609: checking for strings.h
configure:4625: gcc -c -g -O2  conftest.c >&5
configure:4631: $? = 0
configure:4635: test -z 
			 || test ! -s conftest.err
configure:4638: $? = 0
configure:4641: test -s conftest.o
configure:4644: $? = 0
configure:4655: result: yes
configure:4609: checking for inttypes.h
configure:4625: gcc -c -g -O2  conftest.c >&5
configure:4631: $? = 0
configure:4635: test -z 
			 || test ! -s conftest.err
configure:4638: $? = 0
configure:4641: test -s conftest.o
configure:4644: $? = 0
configure:4655: result: yes
configure:4609: checking for stdint.h
configure:4625: gcc -c -g -O2  conftest.c >&5
configure:4631: $? = 0
configure:4635: test -z 
			 || test ! -s conftest.err
configure:4638: $? = 0
configure:4641: test -s conftest.o
configure:4644: $? = 0
configure:4655: result: yes
configure:4609: checking for unistd.h
configure:4625: gcc -c -g -O2  conftest.c >&5
configure:4631: $? = 0
configure:4635: test -z 
			 || test ! -s conftest.err
configure:4638: $? = 0
configure:4641: test -s conftest.o
configure:4644: $? = 0
configure:4655: result: yes
configure:4681: checking dlfcn.h usability
configure:4693: gcc -c -g -O2  conftest.c >&5
configure:4699: $? = 0
configure:4703: test -z 
			 || test ! -s conftest.err
configure:4706: $? = 0
configure:4709: test -s conftest.o
configure:4712: $? = 0
configure:4722: result: yes
configure:4726: checking dlfcn.h presence
configure:4736: gcc -E  conftest.c
configure:4742: $? = 0
configure:4762: result: yes
configure:4797: checking for dlfcn.h
configure:4804: result: yes
configure:4827: checking how to run the C++ preprocessor
configure:4858: g++ -E  conftest.cc
configure:4864: $? = 0
configure:4896: g++ -E  conftest.cc
conftest.cc:25:10: fatal error: ac_nonexistent.h: No such file or directory
   25 | #include <ac_nonexistent.h>
      |          ^~~~~~~~~~~~~~~~~~
compilation terminated.
configure:4902: $? = 1
configure: failed program was:
| /* confdefs.h.  */
| 
| #define PACKAGE_NAME ""
| #define PACKAGE_TARNAME ""
| #define PACKAGE_VERSION ""
| #define PACKAGE_STRING ""
| #define PACKAGE_BUGREPORT ""
| #define PACKAGE "dictconv"
| #define VERSION "0.1"
| #ifdef __cplusplus
| extern "C" void std::exit (int) throw (); using std::exit;
| #endif
| #define STDC_HEADERS 1
| #define HAVE_SYS_TYPES_H 1
| #define HAVE_SYS_STAT_H 1
| #define HAVE_STDLIB_H 1
| #define HAVE_STRING_H 1
| #define HAVE_MEMORY_H 1
| #define HAVE_STRINGS_H 1
| #define HAVE_INTTYPES_H 1
| #define HAVE_STDINT_H 1
| #define HAVE_UNISTD_H 1
| #define HAVE_DLFCN_H 1
| /* end confdefs.h.  */
| #include <ac_nonexistent.h>
configure:4941: result: g++ -E
configure:4965: g++ -E  conftest.cc
configure:4971: $? = 0
configure:5003: g++ -E  conftest.cc
conftest.cc:25:10: fatal error: ac_nonexistent.h: No such file or directory
   25 | #include <ac_nonexistent.h>
      |          ^~~~~~~~~~~~~~~~~~
compilation terminated.
configure:5009: $? = 1
configure: failed program was:
| /* confdefs.h.  */
| 
| #define PACKAGE_NAME ""
| #define PACKAGE_TARNAME ""
| #define PACKAGE_VERSION ""
| #define PACKAGE_STRING ""
| #define PACKAGE_BUGREPORT ""
| #define PACKAGE "dictconv"
| #define VERSION "0.1"
| #ifdef __cplusplus
| extern "C" void std::exit (int) throw (); using std::exit;
| #endif
| #define STDC_HEADERS 1
| #define HAVE_SYS_TYPES_H 1
| #define HAVE_SYS_STAT_H 1
| #define HAVE_STDLIB_H 1
| #define HAVE_STRING_H 1
| #define HAVE_MEMORY_H 1
| #define HAVE_STRINGS_H 1
| #define HAVE_INTTYPES_H 1
| #define HAVE_STDINT_H 1
| #define HAVE_UNISTD_H 1
| #define HAVE_DLFCN_H 1
| /* end confdefs.h.  */
| #include <ac_nonexistent.h>
configure:5106: checking for g77
configure:5135: result: no
configure:5106: checking for f77
configure:5135: result: no
configure:5106: checking for xlf
configure:5135: result: no
configure:5106: checking for frt
configure:5135: result: no
configure:5106: checking for pgf77
configure:5135: result: no
configure:5106: checking for fort77
configure:5135: result: no
configure:5106: checking for fl32
configure:5135: result: no
configure:5106: checking for af77
configure:5135: result: no
configure:5106: checking for f90
configure:5135: result: no
configure:5106: checking for xlf90
configure:5135: result: no
configure:5106: checking for pgf90
configure:5135: result: no
configure:5106: checking for epcf90
configure:5135: result: no
configure:5106: checking for f95
configure:5135: result: no
configure:5106: checking for fort
configure:5135: result: no
configure:5106: checking for xlf95
configure:5135: result: no
configure:5106: checking for ifc
configure:5135: result: no
configure:5106: checking for efc
configure:5135: result: no
configure:5106: checking for pgf95
configure:5135: result: no
configure:5106: checking for lf95
configure:5135: result: no
configure:5106: checking for gfortran
configure:5122: found /usr/bin/gfortran
configure:5132: result: gfortran
configure:5147: checking for Fortran 77 compiler version
configure:5150: gfortran --version </dev/null >&5
GNU Fortran (Gentoo 13.2.1_p20230826 p7) 13.2.1 20230826
Copyright (C) 2023 Free Software Foundation, Inc.
This is free software; see the source for copying conditions.  There is NO
warranty; not even for MERCHANTABILITY or FITNESS FOR A PARTICULAR PURPOSE.

configure:5153: $? = 0
configure:5155: gfortran -v </dev/null >&5
Using built-in specs.
COLLECT_GCC=gfortran
COLLECT_LTO_WRAPPER=/usr/libexec/gcc/x86_64-pc-linux-gnu/13/lto-wrapper
Target: x86_64-pc-linux-gnu
Configured with: /var/tmp/portage/sys-devel/gcc-13.2.1_p20230826/work/gcc-13-20230826/configure --host=x86_64-pc-linux-gnu --build=x86_64-pc-linux-gnu --prefix=/usr --bindir=/usr/x86_64-pc-linux-gnu/gcc-bin/13 --includedir=/usr/lib/gcc/x86_64-pc-linux-gnu/13/include --datadir=/usr/share/gcc-data/x86_64-pc-linux-gnu/13 --mandir=/usr/share/gcc-data/x86_64-pc-linux-gnu/13/man --infodir=/usr/share/gcc-data/x86_64-pc-linux-gnu/13/info --with-gxx-include-dir=/usr/lib/gcc/x86_64-pc-linux-gnu/13/include/g++-v13 --disable-silent-rules --disable-dependency-tracking --with-python-dir=/share/gcc-data/x86_64-pc-linux-gnu/13/python --enable-languages=c,c++,objc,fortran,m2 --enable-obsolete --enable-secureplt --disable-werror --with-system-zlib --enable-nls --without-included-gettext --disable-libunwind-exceptions --enable-checking=release --with-bugurl=https://bugs.gentoo.org/ --with-pkgversion='Gentoo 13.2.1_p20230826 p7' --with-gcc-major-version-only --enable-libstdcxx-time --enable-lto --disable-libstdcxx-pch --enable-shared --enable-threads=posix --enable-__cxa_atexit --enable-clocale=gnu --enable-multilib --with-multilib-list=m32,m64 --disable-fixed-point --enable-targets=all --enable-libgomp --disable-libssp --disable-libada --disable-cet --disable-systemtap --disable-valgrind-annotations --disable-vtable-verify --disable-libvtv --without-zstd --without-isl --enable-default-pie --enable-default-ssp
Thread model: posix
Supported LTO compression algorithms: zlib
gcc version 13.2.1 20230826 (Gentoo 13.2.1_p20230826 p7) 
configure:5158: $? = 0
configure:5160: gfortran -V </dev/null >&5
gfortran: error: unrecognized command-line option '-V'
gfortran: fatal error: no input files
compilation terminated.
configure:5163: $? = 1
configure:5171: checking whether we are using the GNU Fortran 77 compiler
configure:5185: gfortran -c  conftest.F >&5
configure:5191: $? = 0
configure:5195: test -z 
			 || test ! -s conftest.err
configure:5198: $? = 0
configure:5201: test -s conftest.o
configure:5204: $? = 0
configure:5217: result: yes
configure:5223: checking whether gfortran accepts -g
configure:5235: gfortran -c -g conftest.f >&5
configure:5241: $? = 0
configure:5245: test -z 
			 || test ! -s conftest.err
configure:5248: $? = 0
configure:5251: test -s conftest.o
configure:5254: $? = 0
configure:5266: result: yes
configure:5296: checking the maximum length of command line arguments
configure:5405: result: 32768
configure:5416: checking command to parse /usr/bin/nm -B output from gcc object
configure:5521: g++ -c -g -O2  conftest.cc >&5
configure:5524: $? = 0
configure:5528: /usr/bin/nm -B conftest.o \| sed -n -e 's/^.*[ 	]\([ABCDGIRSTW][ABCDGIRSTW]*\)[ 	][ 	]*\([_A-Za-z][_A-Za-z0-9]*\)$/\1 \2 \2/p' \> conftest.nm
configure:5531: $? = 0
configure:5583: g++ -o conftest -g -O2   conftest.cc conftstm.o >&5
configure:5586: $? = 0
configure:5624: result: ok
configure:5628: checking for objdir
configure:5643: result: .libs
configure:5733: checking for ar
configure:5749: found /usr/bin/ar
configure:5760: result: ar
configure:5813: checking for ranlib
configure:5829: found /usr/bin/ranlib
configure:5840: result: ranlib
configure:5893: checking for strip
configure:5909: found /usr/bin/strip
configure:5920: result: strip
configure:6143: checking for correct ltmain.sh version
configure:6193: result: yes
configure:6253: checking if gcc supports -fno-rtti -fno-exceptions
configure:6271: gcc -c -g -O2  -fno-rtti -fno-exceptions conftest.c >&5
cc1: warning: command-line option '-fno-rtti' is valid for C++/D/ObjC++ but not for C
configure:6275: $? = 0
configure:6288: result: no
configure:6303: checking for gcc option to produce PIC
configure:6513: result: -fPIC
configure:6521: checking if gcc PIC flag -fPIC works
configure:6539: gcc -c -g -O2  -fPIC -DPIC conftest.c >&5
configure:6543: $? = 0
configure:6556: result: yes
configure:6584: checking if gcc static flag -static works
configure:6612: result: yes
configure:6622: checking if gcc supports -c -o file.o
configure:6643: gcc -c -g -O2  -o out/conftest2.o conftest.c >&5
configure:6647: $? = 0
configure:6669: result: yes
configure:6695: checking whether the gcc linker (/usr/x86_64-pc-linux-gnu/bin/ld -m elf_x86_64) supports shared libraries
configure:7653: result: yes
configure:7674: checking whether -lc should be explicitly linked in
configure:7679: gcc -c -g -O2  conftest.c >&5
configure:7682: $? = 0
configure:7697: gcc -shared conftest.o  -v -Wl,-soname -Wl,conftest -o conftest 2\>\&1 \| grep  -lc  \>/dev/null 2\>\&1
configure:7700: $? = 0
configure:7712: result: no
configure:7720: checking dynamic linker characteristics
configure:8345: result: GNU/Linux ld.so
configure:8354: checking how to hardcode library paths into programs
configure:8379: result: immediate
configure:8393: checking whether stripping libraries is possible
configure:8398: result: yes
configure:9232: checking if libtool supports shared libraries
configure:9234: result: yes
configure:9237: checking whether to build shared libraries
configure:9258: result: yes
configure:9261: checking whether to build static libraries
configure:9265: result: yes
configure:9357: creating libtool
configure:9945: checking for ld used by g++
configure:10012: result: /usr/x86_64-pc-linux-gnu/bin/ld -m elf_x86_64
configure:10021: checking if the linker (/usr/x86_64-pc-linux-gnu/bin/ld -m elf_x86_64) is GNU ld
configure:10036: result: yes
configure:10087: checking whether the g++ linker (/usr/x86_64-pc-linux-gnu/bin/ld -m elf_x86_64) supports shared libraries
configure:11025: result: yes
configure:11043: g++ -c -g -O2  conftest.cpp >&5
configure:11046: $? = 0
configure:11165: checking for g++ option to produce PIC
configure:11439: result: -fPIC
configure:11447: checking if g++ PIC flag -fPIC works
configure:11465: g++ -c -g -O2  -fPIC -DPIC conftest.cpp >&5
configure:11469: $? = 0
configure:11482: result: yes
configure:11510: checking if g++ static flag -static works
configure:11538: result: yes
configure:11548: checking if g++ supports -c -o file.o
configure:11569: g++ -c -g -O2  -o out/conftest2.o conftest.cpp >&5
configure:11573: $? = 0
configure:11595: result: yes
configure:11621: checking whether the g++ linker (/usr/x86_64-pc-linux-gnu/bin/ld -m elf_x86_64) supports shared libraries
configure:11646: result: yes
configure:11713: checking dynamic linker characteristics
configure:12338: result: GNU/Linux ld.so
configure:12347: checking how to hardcode library paths into programs
configure:12372: result: immediate
configure:12898: checking if libtool supports shared libraries
configure:12900: result: yes
configure:12903: checking whether to build shared libraries
configure:12923: result: yes
configure:12926: checking whether to build static libraries
configure:12930: result: yes
configure:12940: checking for gfortran option to produce PIC
configure:13150: result: -fPIC
configure:13158: checking if gfortran PIC flag -fPIC works
configure:13176: gfortran -c -g -O2 -fPIC conftest.f >&5
configure:13180: $? = 0
configure:13193: result: yes
configure:13221: checking if gfortran static flag -static works
configure:13249: result: yes
configure:13259: checking if gfortran supports -c -o file.o
configure:13280: gfortran -c -g -O2 -o out/conftest2.o conftest.f >&5
configure:13284: $? = 0
configure:13306: result: yes
configure:13332: checking whether the gfortran linker (/usr/x86_64-pc-linux-gnu/bin/ld -m elf_x86_64) supports shared libraries
configure:14270: result: yes
configure:14337: checking dynamic linker characteristics
configure:14962: result: GNU/Linux ld.so
configure:14971: checking how to hardcode library paths into programs
configure:14996: result: immediate
configure:18637: checking for xml2-config
configure:18655: found /usr/bin/xml2-config
configure:18668: result: /usr/bin/xml2-config
configure:18676: checking for libxml - version >= 2.5.0
configure:18783: g++ -o conftest -g -O2  -I/usr/include/libxml2  conftest.cc -lxml2 -lz -licui18n -licuuc -licudata -lm  >&5
conftest.cc:11:17: warning: 'void std::exit(int)' has not been declared within 'std'
   11 | extern "C" void std::exit (int) throw (); using std::exit;
      |                 ^~~
<built-in>: note: only here as a 'friend'
conftest.cc: In function 'int main()':
conftest.cc:38:9: warning: ignoring return value of 'int system(const char*)' declared with attribute 'warn_unused_result' [-Wunused-result]
   38 |   system("touch conf.xmltest");
      |   ~~~~~~^~~~~~~~~~~~~~~~~~~~~~
configure:18786: $? = 0
configure:18788: ./conftest
configure:18791: $? = 0
configure:18810: result: yes (version 2.11.5)
configure:19007: creating ./config.status

## ---------------------- ##
## Running config.status. ##
## ---------------------- ##

This file was extended by config.status, which was
generated by GNU Autoconf 2.59.  Invocation command line was

  CONFIG_FILES    = 
  CONFIG_HEADERS  = 
  CONFIG_LINKS    = 
  CONFIG_COMMANDS = 
  $ ./config.status 

on lovelace

config.status:709: creating Makefile
config.status:709: creating src/Makefile
config.status:813: creating config.h
config.status:1085: executing depfiles commands

## ---------------- ##
## Cache variables. ##
## ---------------- ##

ac_cv_build=x86_64-unknown-linux-gnu
ac_cv_build_alias=x86_64-unknown-linux-gnu
ac_cv_c_compiler_gnu=yes
ac_cv_cxx_compiler_gnu=yes
ac_cv_env_CC_set=
ac_cv_env_CC_value=
ac_cv_env_CFLAGS_set=
ac_cv_env_CFLAGS_value=
ac_cv_env_CPPFLAGS_set=
ac_cv_env_CPPFLAGS_value=
ac_cv_env_CPP_set=
ac_cv_env_CPP_value=
ac_cv_env_CXXCPP_set=
ac_cv_env_CXXCPP_value=
ac_cv_env_CXXFLAGS_set=
ac_cv_env_CXXFLAGS_value=
ac_cv_env_CXX_set=
ac_cv_env_CXX_value=
ac_cv_env_F77_set=
ac_cv_env_F77_value=
ac_cv_env_FFLAGS_set=
ac_cv_env_FFLAGS_value=
ac_cv_env_LDFLAGS_set=
ac_cv_env_LDFLAGS_value=
ac_cv_env_build_alias_set=
ac_cv_env_build_alias_value=
ac_cv_env_host_alias_set=
ac_cv_env_host_alias_value=
ac_cv_env_target_alias_set=
ac_cv_env_target_alias_value=
ac_cv_exeext=
ac_cv_f77_compiler_gnu=yes
ac_cv_header_dlfcn_h=yes
ac_cv_header_inttypes_h=yes
ac_cv_header_memory_h=yes
ac_cv_header_stdc=yes
ac_cv_header_stdint_h=yes
ac_cv_header_stdlib_h=yes
ac_cv_header_string_h=yes
ac_cv_header_strings_h=yes
ac_cv_header_sys_stat_h=yes
ac_cv_header_sys_types_h=yes
ac_cv_header_unistd_h=yes
ac_cv_host=x86_64-unknown-linux-gnu
ac_cv_host_alias=x86_64-unknown-linux-gnu
ac_cv_objext=o
ac_cv_path_XML2_CONFIG=/usr/bin/xml2-config
ac_cv_path_install='/usr/bin/install -c'
ac_cv_prog_AWK=gawk
ac_cv_prog_CPP='gcc -E'
ac_cv_prog_CXXCPP='g++ -E'
ac_cv_prog_ac_ct_AR=ar
ac_cv_prog_ac_ct_CC=gcc
ac_cv_prog_ac_ct_CXX=g++
ac_cv_prog_ac_ct_F77=gfortran
ac_cv_prog_ac_ct_RANLIB=ranlib
ac_cv_prog_ac_ct_STRIP=strip
ac_cv_prog_cc_g=yes
ac_cv_prog_cc_stdc=
ac_cv_prog_cxx_g=yes
ac_cv_prog_egrep='grep -E'
ac_cv_prog_f77_g=yes
ac_cv_prog_make_make_set=yes
am_cv_CC_dependencies_compiler_type=gcc3
am_cv_CXX_dependencies_compiler_type=gcc3
lt_cv_deplibs_check_method=pass_all
lt_cv_file_magic_cmd='$MAGIC_CMD'
lt_cv_file_magic_test_file=
lt_cv_ld_reload_flag=-r
lt_cv_objdir=.libs
lt_cv_path_LD=/usr/x86_64-pc-linux-gnu/bin/ld
lt_cv_path_LDCXX='/usr/x86_64-pc-linux-gnu/bin/ld -m elf_x86_64'
lt_cv_path_NM='/usr/bin/nm -B'
lt_cv_path_SED=/bin/sed
lt_cv_prog_compiler_c_o=yes
lt_cv_prog_compiler_c_o_CXX=yes
lt_cv_prog_compiler_c_o_F77=yes
lt_cv_prog_compiler_rtti_exceptions=no
lt_cv_prog_gnu_ld=yes
lt_cv_prog_gnu_ldcxx=yes
lt_cv_sys_global_symbol_pipe='sed -n -e '\''s/^.*[ 	]\([ABCDGIRSTW][ABCDGIRSTW]*\)[ 	][ 	]*\([_A-Za-z][_A-Za-z0-9]*\)$/\1 \2 \2/p'\'''
lt_cv_sys_global_symbol_to_c_name_address='sed -n -e '\''s/^: \([^ ]*\) $/  {\"\1\", (lt_ptr) 0},/p'\'' -e '\''s/^[BCDEGRST] \([^ ]*\) \([^ ]*\)$/  {"\2", (lt_ptr) \&\2},/p'\'''
lt_cv_sys_global_symbol_to_cdecl='sed -n -e '\''s/^. .* \(.*\)$/extern int \1;/p'\'''
lt_cv_sys_max_cmd_len=32768
lt_lt_cv_prog_compiler_c_o='"yes"'
lt_lt_cv_prog_compiler_c_o_CXX='"yes"'
lt_lt_cv_prog_compiler_c_o_F77='"yes"'
lt_lt_cv_sys_global_symbol_pipe='"sed -n -e '\''s/^.*[ 	]\\([ABCDGIRSTW][ABCDGIRSTW]*\\)[ 	][ 	]*\\([_A-Za-z][_A-Za-z0-9]*\\)\$/\\1 \\2 \\2/p'\''"'
lt_lt_cv_sys_global_symbol_to_c_name_address='"sed -n -e '\''s/^: \\([^ ]*\\) \$/  {\\\"\\1\\\", (lt_ptr) 0},/p'\'' -e '\''s/^[BCDEGRST] \\([^ ]*\\) \\([^ ]*\\)\$/  {\"\\2\", (lt_ptr) \\&\\2},/p'\''"'
lt_lt_cv_sys_global_symbol_to_cdecl='"sed -n -e '\''s/^. .* \\(.*\\)\$/extern int \\1;/p'\''"'

## ----------------- ##
## Output variables. ##
## ----------------- ##

ACLOCAL='${SHELL} /u/inky/src/not_mine/dictconv/dictconv-0.2/missing --run aclocal-1.6'
AMDEPBACKSLASH='\'
AMDEP_FALSE='#'
AMDEP_TRUE=''
AMTAR='${SHELL} /u/inky/src/not_mine/dictconv/dictconv-0.2/missing --run tar'
AR='ar'
AUTOCONF='${SHELL} /u/inky/src/not_mine/dictconv/dictconv-0.2/missing --run autoconf'
AUTOHEADER='${SHELL} /u/inky/src/not_mine/dictconv/dictconv-0.2/missing --run autoheader'
AUTOMAKE='${SHELL} /u/inky/src/not_mine/dictconv/dictconv-0.2/missing --run automake-1.6'
AWK='gawk'
CC='gcc'
CCDEPMODE='depmode=gcc3'
CFLAGS='-g -O2'
CPP='gcc -E'
CPPFLAGS=''
CXX='g++'
CXXCPP='g++ -E'
CXXDEPMODE='depmode=gcc3'
CXXFLAGS='-g -O2'
DEFS='-DHAVE_CONFIG_H'
DEPDIR='.deps'
ECHO='echo'
ECHO_C=''
ECHO_N='-n'
ECHO_T=''
EGREP='grep -E'
EXEEXT=''
F77='gfortran'
FFLAGS='-g -O2'
INSTALL_DATA='${INSTALL} -m 644'
INSTALL_PROGRAM='${INSTALL}'
INSTALL_SCRIPT='${INSTALL}'
INSTALL_STRIP_PROGRAM='${SHELL} $(install_sh) -c -s'
LDFLAGS=''
LIBOBJS=''
LIBS=''
LIBTOOL='$(SHELL) $(top_builddir)/libtool'
LN_S='ln -s'
LTLIBOBJS=''
MAKEINFO='${SHELL} /u/inky/src/not_mine/dictconv/dictconv-0.2/missing --run makeinfo'
OBJEXT='o'
PACKAGE='dictconv'
PACKAGE_BUGREPORT=''
PACKAGE_NAME=''
PACKAGE_STRING=''
PACKAGE_TARNAME=''
PACKAGE_VERSION=''
PATH_SEPARATOR=':'
RANLIB='ranlib'
SET_MAKE=''
SHELL='/bin/sh'
STRIP='strip'
VERSION='0.1'
XML2_CONFIG='/usr/bin/xml2-config'
XML_CPPFLAGS='-I/usr/include/libxml2'
XML_LIBS='-lxml2 -lz -licui18n -licuuc -licudata -lm'
ac_ct_AR='ar'
ac_ct_CC='gcc'
ac_ct_CXX='g++'
ac_ct_F77='gfortran'
ac_ct_RANLIB='ranlib'
ac_ct_STRIP='strip'
am__include='include'
am__quote=''
bindir='${exec_prefix}/bin'
build='x86_64-unknown-linux-gnu'
build_alias=''
build_cpu='x86_64'
build_os='linux-gnu'
build_vendor='unknown'
datadir='${prefix}/share'
exec_prefix='${prefix}'
host='x86_64-unknown-linux-gnu'
host_alias=''
host_cpu='x86_64'
host_os='linux-gnu'
host_vendor='unknown'
includedir='${prefix}/include'
infodir='${prefix}/info'
install_sh='/u/inky/src/not_mine/dictconv/dictconv-0.2/install-sh'
libdir='${exec_prefix}/lib'
libexecdir='${exec_prefix}/libexec'
localstatedir='${prefix}/var'
mandir='${prefix}/man'
oldincludedir='/usr/include'
prefix='/opt/dictconv'
program_transform_name='s,x,x,'
sbindir='${exec_prefix}/sbin'
sharedstatedir='${prefix}/com'
sysconfdir='${prefix}/etc'
target_alias=''

## ----------- ##
## confdefs.h. ##
## ----------- ##

#define HAVE_DLFCN_H 1
#define HAVE_INTTYPES_H 1
#define HAVE_MEMORY_H 1
#define HAVE_STDINT_H 1
#define HAVE_STDLIB_H 1
#define HAVE_STRINGS_H 1
#define HAVE_STRING_H 1
#define HAVE_SYS_STAT_H 1
#define HAVE_SYS_TYPES_H 1
#define HAVE_UNISTD_H 1
#define PACKAGE "dictconv"
#define PACKAGE_BUGREPORT ""
#define PACKAGE_NAME ""
#define PACKAGE_STRING ""
#define PACKAGE_TARNAME ""
#define PACKAGE_VERSION ""
#define STDC_HEADERS 1
#define VERSION "0.1"
#endif
#ifdef __cplusplus
extern "C" void std::exit (int) throw (); using std::exit;

configure: exit 0

## ---------------------- ##
## Running config.status. ##
## ---------------------- ##

This file was extended by config.status, which was
generated by GNU Autoconf 2.59.  Invocation command line was

  CONFIG_FILES    = 
  CONFIG_HEADERS  = 
  CONFIG_LINKS    = 
  CONFIG_COMMANDS = 
  $ ./config.status config.h

on lovelace

config.status:813: creating config.h
